<?xml version="1.0" encoding="UTF-8"?>
<!-- Generated by org.testng.reporters.JUnitReportReporter -->
<testsuite hostname="NUCD346" failures="0" tests="1" name="selenium_training.selenium_training.App" time="0.010" errors="0" timestamp="2023-05-15T17:45:22 IST" skipped="0">
  <testcase classname="selenium_training.selenium_training.App" name="Test1" time="0.010"/>
  <system-out/>
</testsuite> <!-- selenium_training.selenium_training.App -->
